# JRE version: OpenJDK Runtime Environment (17.0.6) (build 17.0.6+0-b2043.56-10027231)
# Java VM: OpenJDK 64-Bit Server VM (17.0.6+0-b2043.56-10027231, mixed mode, tiered, compressed oops, compressed class ptrs, g1 gc, windows-amd64)
GC Precious Log:
 CPUs: 8 total, 8 available
 Memory: 4031M
 Large Page Support: Disabled
 NUMA Support: Disabled
 Compressed Oops: Enabled (32-bit)
 Heap Region Size: 1M
 Heap Min Capacity: 8M
 Heap Initial Capacity: 64M
 Heap Max Capacity: 1536M
 Pre-touch: Disabled
 Parallel Workers: 8
 Concurrent Workers: 2
 Concurrent Refinement Workers: 8
 Periodic GC: Disabled
Heap:
 garbage-first heap   total 206848K, used 114688K [0x00000000a0000000, 0x0000000100000000)
  region size 1024K, 8 young (8192K), 8 survivors (8192K)
 Metaspace       used 106821K, committed 107648K, reserved 1146880K
  class space    used 14318K, committed 14656K, reserved 1048576K
GC Heap History (20 events):
Event: 22.667 GC heap after
{Heap after GC invocations=43 (full 0):
 garbage-first heap   total 103424K, used 65695K [0x00000000a0000000, 0x0000000100000000)
  region size 1024K, 4 young (4096K), 4 survivors (4096K)
 Metaspace       used 72759K, committed 73280K, reserved 1114112K
  class space    used 9523K, committed 9792K, reserved 1048576K
}
Event: 22.687 GC heap before
{Heap before GC invocations=43 (full 0):
 garbage-first heap   total 103424K, used 66719K [0x00000000a0000000, 0x0000000100000000)
  region size 1024K, 5 young (5120K), 4 survivors (4096K)
 Metaspace       used 72790K, committed 73344K, reserved 1114112K
  class space    used 9527K, committed 9792K, reserved 1048576K
}
Event: 22.696 GC heap after
{Heap after GC invocations=44 (full 0):
 garbage-first heap   total 103424K, used 66183K [0x00000000a0000000, 0x0000000100000000)
  region size 1024K, 1 young (1024K), 1 survivors (1024K)
 Metaspace       used 72790K, committed 73344K, reserved 1114112K
  class space    used 9527K, committed 9792K, reserved 1048576K
}
Event: 23.425 GC heap before
{Heap before GC invocations=44 (full 0):
 garbage-first heap   total 103424K, used 84615K [0x00000000a0000000, 0x0000000100000000)
  region size 1024K, 19 young (19456K), 1 survivors (1024K)
 Metaspace       used 73483K, committed 74112K, reserved 1114112K
  class space    used 9644K, committed 9920K, reserved 1048576K
}
Event: 23.445 GC heap after
{Heap after GC invocations=45 (full 0):
 garbage-first heap   total 206848K, used 66741K [0x00000000a0000000, 0x0000000100000000)
  region size 1024K, 1 young (1024K), 1 survivors (1024K)
 Metaspace       used 73483K, committed 74112K, reserved 1114112K
  class space    used 9644K, committed 9920K, reserved 1048576K
}
Event: 26.560 GC heap before
{Heap before GC invocations=46 (full 0):
 garbage-first heap   total 206848K, used 136373K [0x00000000a0000000, 0x0000000100000000)
  region size 1024K, 69 young (70656K), 1 survivors (1024K)
 Metaspace       used 77305K, committed 77952K, reserved 1122304K
  class space    used 10280K, committed 10560K, reserved 1048576K
}
Event: 26.587 GC heap after
{Heap after GC invocations=47 (full 0):
 garbage-first heap   total 206848K, used 71430K [0x00000000a0000000, 0x0000000100000000)
  region size 1024K, 6 young (6144K), 6 survivors (6144K)
 Metaspace       used 77305K, committed 77952K, reserved 1122304K
  class space    used 10280K, committed 10560K, reserved 1048576K
}
Event: 26.723 GC heap before
{Heap before GC invocations=47 (full 0):
 garbage-first heap   total 206848K, used 74502K [0x00000000a0000000, 0x0000000100000000)
  region size 1024K, 10 young (10240K), 6 survivors (6144K)
 Metaspace       used 77792K, committed 78400K, reserved 1122304K
  class space    used 10383K, committed 10624K, reserved 1048576K
}
Event: 26.816 GC heap after
{Heap after GC invocations=48 (full 0):
 garbage-first heap   total 206848K, used 71863K [0x00000000a0000000, 0x0000000100000000)
  region size 1024K, 1 young (1024K), 1 survivors (1024K)
 Metaspace       used 77792K, committed 78400K, reserved 1122304K
  class space    used 10383K, committed 10624K, reserved 1048576K
}
Event: 30.109 GC heap before
{Heap before GC invocations=48 (full 0):
 garbage-first heap   total 206848K, used 160951K [0x00000000a0000000, 0x0000000100000000)
  region size 1024K, 88 young (90112K), 1 survivors (1024K)
 Metaspace       used 82215K, committed 82880K, reserved 1122304K
  class space    used 11129K, committed 11392K, reserved 1048576K
}
Event: 30.132 GC heap after
{Heap after GC invocations=49 (full 0):
 garbage-first heap   total 206848K, used 78774K [0x00000000a0000000, 0x0000000100000000)
  region size 1024K, 8 young (8192K), 8 survivors (8192K)
 Metaspace       used 82215K, committed 82880K, reserved 1122304K
  class space    used 11129K, committed 11392K, reserved 1048576K
}
Event: 52.801 GC heap before
{Heap before GC invocations=49 (full 0):
 garbage-first heap   total 206848K, used 157622K [0x00000000a0000000, 0x0000000100000000)
  region size 1024K, 86 young (88064K), 8 survivors (8192K)
 Metaspace       used 90662K, committed 91392K, reserved 1130496K
  class space    used 12102K, committed 12416K, reserved 1048576K
}
Event: 53.267 GC heap after
{Heap after GC invocations=50 (full 0):
 garbage-first heap   total 206848K, used 83796K [0x00000000a0000000, 0x0000000100000000)
  region size 1024K, 6 young (6144K), 6 survivors (6144K)
 Metaspace       used 90662K, committed 91392K, reserved 1130496K
  class space    used 12102K, committed 12416K, reserved 1048576K
}
Event: 55.611 GC heap before
{Heap before GC invocations=50 (full 0):
 garbage-first heap   total 206848K, used 167764K [0x00000000a0000000, 0x0000000100000000)
  region size 1024K, 83 young (84992K), 6 survivors (6144K)
 Metaspace       used 92782K, committed 93568K, reserved 1130496K
  class space    used 12353K, committed 12672K, reserved 1048576K
}
Event: 55.645 GC heap after
{Heap after GC invocations=51 (full 0):
 garbage-first heap   total 206848K, used 92187K [0x00000000a0000000, 0x0000000100000000)
  region size 1024K, 9 young (9216K), 9 survivors (9216K)
 Metaspace       used 92782K, committed 93568K, reserved 1130496K
  class space    used 12353K, committed 12672K, reserved 1048576K
}
Event: 60.197 GC heap before
{Heap before GC invocations=51 (full 0):
 garbage-first heap   total 206848K, used 166939K [0x00000000a0000000, 0x0000000100000000)
  region size 1024K, 81 young (82944K), 9 survivors (9216K)
 Metaspace       used 97955K, committed 98752K, reserved 1138688K
  class space    used 13099K, committed 13440K, reserved 1048576K
}
Event: 60.310 GC heap after
{Heap after GC invocations=52 (full 0):
 garbage-first heap   total 206848K, used 100813K [0x00000000a0000000, 0x0000000100000000)
  region size 1024K, 11 young (11264K), 11 survivors (11264K)
 Metaspace       used 97955K, committed 98752K, reserved 1138688K
  class space    used 13099K, committed 13440K, reserved 1048576K
}
Event: 63.905 GC heap before
{Heap before GC invocations=52 (full 0):
 garbage-first heap   total 206848K, used 164301K [0x00000000a0000000, 0x0000000100000000)
  region size 1024K, 73 young (74752K), 11 survivors (11264K)
 Metaspace       used 103768K, committed 104640K, reserved 1146880K
  class space    used 13939K, committed 14336K, reserved 1048576K
}
Event: 63.994 GC heap after
{Heap after GC invocations=53 (full 0):
 garbage-first heap   total 206848K, used 107082K [0x00000000a0000000, 0x0000000100000000)
  region size 1024K, 6 young (6144K), 6 survivors (6144K)
 Metaspace       used 103768K, committed 104640K, reserved 1146880K
  class space    used 13939K, committed 14336K, reserved 1048576K
}
Event: 69.602 GC heap before
{Heap before GC invocations=53 (full 0):
 garbage-first heap   total 206848K, used 166474K [0x00000000a0000000, 0x0000000100000000)
  region size 1024K, 64 young (65536K), 6 survivors (6144K)
 Metaspace       used 106821K, committed 107648K, reserved 1146880K
  class space    used 14318K, committed 14656K, reserved 1048576K
}

